Library/Bee/Android/Prj/Mono2x/Gradle/launcher/build/intermediates/manifest_merge_blame_file/release/manifest-merger-blame-release-report.txt
1<?xml version="1.0" encoding="utf-8"?>
2<manifest xmlns:android="http://schemas.android.com/apk/res/android"
3    package="com.RIAMB.VRCourseDemo"
4    android:installLocation="preferExternal"
5    android:versionCode="1"
6    android:versionName="0.2" >
7
8    <uses-sdk
9        android:minSdkVersion="22"
9-->src\main\AndroidManifest.xml
10        android:targetSdkVersion="30" />
10-->src\main\AndroidManifest.xml
11
12    <supports-screens
12-->src\main\AndroidManifest.xml:3:3-163
13        android:anyDensity="true"
13-->src\main\AndroidManifest.xml:3:135-160
14        android:largeScreens="true"
14-->src\main\AndroidManifest.xml:3:78-105
15        android:normalScreens="true"
15-->src\main\AndroidManifest.xml:3:49-77
16        android:smallScreens="true"
16-->src\main\AndroidManifest.xml:3:21-48
17        android:xlargeScreens="true" />
17-->src\main\AndroidManifest.xml:3:106-134
18
19    <uses-permission android:name="android.permission.ACCESS_NETWORK_STATE" />
19-->src\main\AndroidManifest.xml:7:3-77
19-->src\main\AndroidManifest.xml:7:20-74
20    <uses-permission android:name="android.permission.INTERNET" />
20-->src\main\AndroidManifest.xml:8:3-65
20-->src\main\AndroidManifest.xml:8:20-62
21    <uses-permission android:name="android.permission.READ_EXTERNAL_STORAGE" />
21-->[:unityLibrary] AndroidManifest.xml:12:5-80
21-->[:unityLibrary] AndroidManifest.xml:12:22-77
22    <uses-permission android:name="android.permission.WRITE_EXTERNAL_STORAGE" />
22-->[:unityLibrary] AndroidManifest.xml:13:5-81
22-->[:unityLibrary] AndroidManifest.xml:13:22-78
23
24    <uses-feature android:glEsVersion="0x00030000" />
24-->[:unityLibrary] AndroidManifest.xml:15:5-54
24-->[:unityLibrary] AndroidManifest.xml:15:19-51
25    <uses-feature
25-->[:unityLibrary] AndroidManifest.xml:16:5-18:36
26        android:name="android.hardware.vulkan.version"
26-->[:unityLibrary] AndroidManifest.xml:17:9-55
27        android:required="false" />
27-->[:unityLibrary] AndroidManifest.xml:18:9-33
28    <uses-feature
28-->[:unityLibrary] AndroidManifest.xml:23:5-25:36
29        android:name="android.hardware.touchscreen"
29-->[:unityLibrary] AndroidManifest.xml:24:9-52
30        android:required="false" />
30-->[:unityLibrary] AndroidManifest.xml:25:9-33
31    <uses-feature
31-->[:unityLibrary] AndroidManifest.xml:26:5-28:36
32        android:name="android.hardware.touchscreen.multitouch"
32-->[:unityLibrary] AndroidManifest.xml:27:9-63
33        android:required="false" />
33-->[:unityLibrary] AndroidManifest.xml:28:9-33
34    <uses-feature
34-->[:unityLibrary] AndroidManifest.xml:29:5-31:36
35        android:name="android.hardware.touchscreen.multitouch.distinct"
35-->[:unityLibrary] AndroidManifest.xml:30:9-72
36        android:required="false" />
36-->[:unityLibrary] AndroidManifest.xml:31:9-33
37
38    <application
38-->src\main\AndroidManifest.xml:4:3-6:17
39        android:extractNativeLibs="true"
39-->[:unityLibrary] AndroidManifest.xml:33:18-50
40        android:icon="@mipmap/app_icon"
40-->src\main\AndroidManifest.xml:4:49-80
41        android:label="@string/app_name" >
41-->src\main\AndroidManifest.xml:4:16-48
42        <meta-data
42-->src\main\AndroidManifest.xml:5:5-79
43            android:name="unity.builder"
43-->src\main\AndroidManifest.xml:5:16-44
44            android:value="\33260802450131" />
44-->src\main\AndroidManifest.xml:5:45-76
45
46        <activity
46-->[:unityLibrary] AndroidManifest.xml:34:9-54:20
47            android:name="com.unity3d.player.UnityPlayerActivity"
47-->[:unityLibrary] AndroidManifest.xml:35:13-66
48            android:configChanges="mcc|mnc|locale|touchscreen|keyboard|keyboardHidden|navigation|orientation|screenLayout|uiMode|screenSize|smallestScreenSize|fontScale|layoutDirection|density"
48-->[:unityLibrary] AndroidManifest.xml:36:13-194
49            android:hardwareAccelerated="false"
49-->[:unityLibrary] AndroidManifest.xml:37:13-48
50            android:launchMode="singleTask"
50-->[:unityLibrary] AndroidManifest.xml:38:13-44
51            android:resizeableActivity="false"
51-->[:unityLibrary] AndroidManifest.xml:39:13-47
52            android:screenOrientation="portrait"
52-->[:unityLibrary] AndroidManifest.xml:40:13-49
53            android:theme="@style/UnityThemeSelector" >
53-->[:unityLibrary] AndroidManifest.xml:41:13-54
54            <intent-filter>
54-->[:unityLibrary] AndroidManifest.xml:42:13-46:29
55                <action android:name="android.intent.action.MAIN" />
55-->[:unityLibrary] AndroidManifest.xml:43:17-69
55-->[:unityLibrary] AndroidManifest.xml:43:25-66
56
57                <category android:name="android.intent.category.LAUNCHER" />
57-->[:unityLibrary] AndroidManifest.xml:45:17-77
57-->[:unityLibrary] AndroidManifest.xml:45:27-74
58            </intent-filter>
59
60            <meta-data
60-->[:unityLibrary] AndroidManifest.xml:48:13-50:40
61                android:name="unityplayer.UnityActivity"
61-->[:unityLibrary] AndroidManifest.xml:49:17-57
62                android:value="true" />
62-->[:unityLibrary] AndroidManifest.xml:50:17-37
63            <meta-data
63-->[:unityLibrary] AndroidManifest.xml:51:13-53:40
64                android:name="android.notch_support"
64-->[:unityLibrary] AndroidManifest.xml:52:17-53
65                android:value="true" />
65-->[:unityLibrary] AndroidManifest.xml:53:17-37
66        </activity>
67
68        <meta-data
68-->[:unityLibrary] AndroidManifest.xml:56:9-58:33
69            android:name="unity.splash-mode"
69-->[:unityLibrary] AndroidManifest.xml:57:13-45
70            android:value="0" />
70-->[:unityLibrary] AndroidManifest.xml:58:13-30
71        <meta-data
71-->[:unityLibrary] AndroidManifest.xml:59:9-61:36
72            android:name="unity.splash-enable"
72-->[:unityLibrary] AndroidManifest.xml:60:13-47
73            android:value="True" />
73-->[:unityLibrary] AndroidManifest.xml:61:13-33
74        <meta-data
74-->[:unityLibrary] AndroidManifest.xml:62:9-64:36
75            android:name="unity.launch-fullscreen"
75-->[:unityLibrary] AndroidManifest.xml:63:13-51
76            android:value="True" />
76-->[:unityLibrary] AndroidManifest.xml:64:13-33
77        <meta-data
77-->[:unityLibrary] AndroidManifest.xml:65:9-67:37
78            android:name="unity.allow-resizable-window"
78-->[:unityLibrary] AndroidManifest.xml:66:13-56
79            android:value="False" />
79-->[:unityLibrary] AndroidManifest.xml:67:13-34
80        <meta-data
80-->[:unityLibrary] AndroidManifest.xml:68:9-70:50
81            android:name="notch.config"
81-->[:unityLibrary] AndroidManifest.xml:69:13-40
82            android:value="portrait|landscape" />
82-->[:unityLibrary] AndroidManifest.xml:70:13-47
83    </application>
84
85</manifest>